# JRE version: OpenJDK Runtime Environment (8.0_76-b03) (build 1.8.0_76-release-b03)
# Java VM: OpenJDK 64-Bit Server VM (25.76-b03 mixed mode windows-amd64 compressed oops)
Heap:
 PSYoungGen      total 192000K, used 79946K [0x00000000e0000000, 0x00000000f3b80000, 0x0000000100000000)
  eden space 154624K, 27% used [0x00000000e0000000,0x00000000e29998a8,0x00000000e9700000)
  from space 37376K, 99% used [0x00000000e9700000,0x00000000ebb79288,0x00000000ebb80000)
  to   space 48640K, 0% used [0x00000000f0c00000,0x00000000f0c00000,0x00000000f3b80000)
 ParOldGen       total 135680K, used 89231K [0x00000000a0000000, 0x00000000a8480000, 0x00000000e0000000)
  object space 135680K, 65% used [0x00000000a0000000,0x00000000a5723e58,0x00000000a8480000)
 Metaspace       used 73515K, capacity 76212K, committed 76328K, reserved 1116160K
  class space    used 9388K, capacity 9976K, committed 10032K, reserved 1048576K
GC Heap History (10 events):
Event: 458.983 GC heap before
{Heap before GC invocations=17 (full 4):
 PSYoungGen      total 183808K, used 183784K [0x00000000e0000000, 0x00000000ed900000, 0x0000000100000000)
  eden space 176640K, 100% used [0x00000000e0000000,0x00000000eac80000,0x00000000eac80000)
  from space 7168K, 99% used [0x00000000ed200000,0x00000000ed8fa3f0,0x00000000ed900000)
  to   space 22528K, 0% used [0x00000000ead00000,0x00000000ead00000,0x00000000ec300000)
 ParOldGen       total 135680K, used 58807K [0x00000000a0000000, 0x00000000a8480000, 0x00000000e0000000)
  object space 135680K, 43% used [0x00000000a0000000,0x00000000a396de28,0x00000000a8480000)
 Metaspace       used 64473K, capacity 67022K, committed 67240K, reserved 1107968K
  class space    used 8469K, capacity 9006K, committed 9136K, reserved 1048576K
Event: 459.004 GC heap after
Heap after GC invocations=17 (full 4):
 PSYoungGen      total 182272K, used 10371K [0x00000000e0000000, 0x00000000ed280000, 0x0000000100000000)
  eden space 171520K, 0% used [0x00000000e0000000,0x00000000e0000000,0x00000000ea780000)
  from space 10752K, 96% used [0x00000000ead00000,0x00000000eb720f40,0x00000000eb780000)
  to   space 22016K, 0% used [0x00000000ebd00000,0x00000000ebd00000,0x00000000ed280000)
 ParOldGen       total 135680K, used 58815K [0x00000000a0000000, 0x00000000a8480000, 0x00000000e0000000)
  object space 135680K, 43% used [0x00000000a0000000,0x00000000a396fe28,0x00000000a8480000)
 Metaspace       used 64473K, capacity 67022K, committed 67240K, reserved 1107968K
  class space    used 8469K, capacity 9006K, committed 9136K, reserved 1048576K
}
Event: 470.790 GC heap before
{Heap before GC invocations=18 (full 4):
 PSYoungGen      total 182272K, used 181891K [0x00000000e0000000, 0x00000000ed280000, 0x0000000100000000)
  eden space 171520K, 100% used [0x00000000e0000000,0x00000000ea780000,0x00000000ea780000)
  from space 10752K, 96% used [0x00000000ead00000,0x00000000eb720f40,0x00000000eb780000)
  to   space 22016K, 0% used [0x00000000ebd00000,0x00000000ebd00000,0x00000000ed280000)
 ParOldGen       total 135680K, used 58815K [0x00000000a0000000, 0x00000000a8480000, 0x00000000e0000000)
  object space 135680K, 43% used [0x00000000a0000000,0x00000000a396fe28,0x00000000a8480000)
 Metaspace       used 70149K, capacity 72876K, committed 73000K, reserved 1112064K
  class space    used 9105K, capacity 9676K, committed 9776K, reserved 1048576K
Event: 470.816 GC heap after
Heap after GC invocations=18 (full 4):
 PSYoungGen      total 188928K, used 22004K [0x00000000e0000000, 0x00000000ed400000, 0x0000000100000000)
  eden space 166912K, 0% used [0x00000000e0000000,0x00000000e0000000,0x00000000ea300000)
  from space 22016K, 99% used [0x00000000ebd00000,0x00000000ed27d200,0x00000000ed280000)
  to   space 25088K, 0% used [0x00000000ea300000,0x00000000ea300000,0x00000000ebb80000)
 ParOldGen       total 135680K, used 59478K [0x00000000a0000000, 0x00000000a8480000, 0x00000000e0000000)
  object space 135680K, 43% used [0x00000000a0000000,0x00000000a3a15990,0x00000000a8480000)
 Metaspace       used 70149K, capacity 72876K, committed 73000K, reserved 1112064K
  class space    used 9105K, capacity 9676K, committed 9776K, reserved 1048576K
}
Event: 484.983 GC heap before
{Heap before GC invocations=19 (full 4):
 PSYoungGen      total 188928K, used 188916K [0x00000000e0000000, 0x00000000ed400000, 0x0000000100000000)
  eden space 166912K, 100% used [0x00000000e0000000,0x00000000ea300000,0x00000000ea300000)
  from space 22016K, 99% used [0x00000000ebd00000,0x00000000ed27d200,0x00000000ed280000)
  to   space 25088K, 0% used [0x00000000ea300000,0x00000000ea300000,0x00000000ebb80000)
 ParOldGen       total 135680K, used 59478K [0x00000000a0000000, 0x00000000a8480000, 0x00000000e0000000)
  object space 135680K, 43% used [0x00000000a0000000,0x00000000a3a15990,0x00000000a8480000)
 Metaspace       used 72553K, capacity 75252K, committed 75560K, reserved 1114112K
  class space    used 9346K, capacity 9912K, committed 10032K, reserved 1048576K
Event: 485.041 GC heap after
Heap after GC invocations=19 (full 4):
 PSYoungGen      total 187392K, used 25062K [0x00000000e0000000, 0x00000000ed880000, 0x0000000100000000)
  eden space 162304K, 0% used [0x00000000e0000000,0x00000000e0000000,0x00000000e9e80000)
  from space 25088K, 99% used [0x00000000ea300000,0x00000000ebb79b98,0x00000000ebb80000)
  to   space 29696K, 0% used [0x00000000ebb80000,0x00000000ebb80000,0x00000000ed880000)
 ParOldGen       total 135680K, used 63248K [0x00000000a0000000, 0x00000000a8480000, 0x00000000e0000000)
  object space 135680K, 46% used [0x00000000a0000000,0x00000000a3dc4050,0x00000000a8480000)
 Metaspace       used 72553K, capacity 75252K, committed 75560K, reserved 1114112K
  class space    used 9346K, capacity 9912K, committed 10032K, reserved 1048576K
}
Event: 486.402 GC heap before
{Heap before GC invocations=20 (full 4):
 PSYoungGen      total 187392K, used 187366K [0x00000000e0000000, 0x00000000ed880000, 0x0000000100000000)
  eden space 162304K, 100% used [0x00000000e0000000,0x00000000e9e80000,0x00000000e9e80000)
  from space 25088K, 99% used [0x00000000ea300000,0x00000000ebb79b98,0x00000000ebb80000)
  to   space 29696K, 0% used [0x00000000ebb80000,0x00000000ebb80000,0x00000000ed880000)
 ParOldGen       total 135680K, used 63248K [0x00000000a0000000, 0x00000000a8480000, 0x00000000e0000000)
  object space 135680K, 46% used [0x00000000a0000000,0x00000000a3dc4068,0x00000000a8480000)
 Metaspace       used 73470K, capacity 76148K, committed 76328K, reserved 1116160K
  class space    used 9387K, capacity 9976K, committed 10032K, reserved 1048576K
Event: 486.452 GC heap after
Heap after GC invocations=20 (full 4):
 PSYoungGen      total 184320K, used 29674K [0x00000000e0000000, 0x00000000f1300000, 0x0000000100000000)
  eden space 154624K, 0% used [0x00000000e0000000,0x00000000e0000000,0x00000000e9700000)
  from space 29696K, 99% used [0x00000000ebb80000,0x00000000ed87a940,0x00000000ed880000)
  to   space 37376K, 0% used [0x00000000e9700000,0x00000000e9700000,0x00000000ebb80000)
 ParOldGen       total 135680K, used 72993K [0x00000000a0000000, 0x00000000a8480000, 0x00000000e0000000)
  object space 135680K, 53% used [0x00000000a0000000,0x00000000a47485a8,0x00000000a8480000)
 Metaspace       used 73470K, capacity 76148K, committed 76328K, reserved 1116160K
  class space    used 9387K, capacity 9976K, committed 10032K, reserved 1048576K
}
Event: 487.115 GC heap before
{Heap before GC invocations=21 (full 4):
 PSYoungGen      total 184320K, used 184298K [0x00000000e0000000, 0x00000000f1300000, 0x0000000100000000)
  eden space 154624K, 100% used [0x00000000e0000000,0x00000000e9700000,0x00000000e9700000)
  from space 29696K, 99% used [0x00000000ebb80000,0x00000000ed87a940,0x00000000ed880000)
  to   space 37376K, 0% used [0x00000000e9700000,0x00000000e9700000,0x00000000ebb80000)
 ParOldGen       total 135680K, used 72995K [0x00000000a0000000, 0x00000000a8480000, 0x00000000e0000000)
  object space 135680K, 53% used [0x00000000a0000000,0x00000000a4748e90,0x00000000a8480000)
 Metaspace       used 73507K, capacity 76212K, committed 76328K, reserved 1116160K
  class space    used 9387K, capacity 9976K, committed 10032K, reserved 1048576K
Event: 487.226 GC heap after
Heap after GC invocations=21 (full 4):
 PSYoungGen      total 192000K, used 37348K [0x00000000e0000000, 0x00000000f3b80000, 0x0000000100000000)
  eden space 154624K, 0% used [0x00000000e0000000,0x00000000e0000000,0x00000000e9700000)
  from space 37376K, 99% used [0x00000000e9700000,0x00000000ebb79288,0x00000000ebb80000)
  to   space 48640K, 0% used [0x00000000f0c00000,0x00000000f0c00000,0x00000000f3b80000)
 ParOldGen       total 135680K, used 89231K [0x00000000a0000000, 0x00000000a8480000, 0x00000000e0000000)
  object space 135680K, 65% used [0x00000000a0000000,0x00000000a5723e58,0x00000000a8480000)
 Metaspace       used 73507K, capacity 76212K, committed 76328K, reserved 1116160K
  class space    used 9387K, capacity 9976K, committed 10032K, reserved 1048576K
}

